<?xml version="1.0" encoding="UTF-8"?>
<!-- Generated by org.testng.reporters.JUnitXMLReporter -->
<testsuite ignored="6" hostname="Akhil" failures="1" tests="3" name="Grouping" time="12.134" errors="0" timestamp="2024-12-11T13:38:29 IST">
  <testcase classname="TestNG.Group1" name="login" time="5.74"/>
  <testcase classname="TestNG.Group1" name="login" time="4.338"/>
  <testcase classname="TestNG.Group2" name="Logout" time="2.016">
    <failure type="java.lang.NullPointerException" message="Cannot invoke &amp;quot;org.openqa.selenium.WebDriver.manage()&amp;quot; because &amp;quot;TestNG.Group2.driver&amp;quot; is null">
      <![CDATA[java.lang.NullPointerException: Cannot invoke "org.openqa.selenium.WebDriver.manage()" because "TestNG.Group2.driver" is null
at TestNG.Group2.Logout(Group2.java:41)
at java.base/java.util.ArrayList.forEach(ArrayList.java:1511)
... Removed 27 stack frames]]>
    </failure>
  </testcase> <!-- Logout -->
  <testcase classname="TestNG.Group2" name="order" time="0.0">
    <ignored/>
  </testcase> <!-- order -->
  <testcase classname="TestNG.Group2" name="orderDetails" time="0.0">
    <ignored/>
  </testcase> <!-- orderDetails -->
  <testcase classname="TestNG.Group1" name="sort" time="0.0">
    <ignored/>
  </testcase> <!-- sort -->
  <testcase classname="TestNG.Group1" name="sort" time="0.0">
    <ignored/>
  </testcase> <!-- sort -->
  <testcase classname="TestNG.Group1" name="addToCart" time="0.0">
    <ignored/>
  </testcase> <!-- addToCart -->
  <testcase classname="TestNG.Group1" name="addToCart" time="0.0">
    <ignored/>
  </testcase> <!-- addToCart -->
</testsuite> <!-- Grouping -->
