<?xml version="1.0" encoding="UTF-8"?>
<!-- Generated by org.testng.reporters.JUnitXMLReporter -->
<testsuite ignored="0" hostname="Akhil" failures="1" tests="6" name="MultiClasses" time="9.484" errors="0" timestamp="2024-12-11T13:48:17 IST">
  <testcase classname="TestNG.Multi1" name="login" time="5.097"/>
  <testcase classname="TestNG.Multi1" name="sort" time="0.125"/>
  <testcase classname="TestNG.Multi1" name="addToCart" time="2.196"/>
  <testcase classname="TestNG.Multi2" name="order" time="2.004">
    <failure type="java.lang.NullPointerException" message="Cannot invoke &amp;quot;org.openqa.selenium.WebDriver.manage()&amp;quot; because &amp;quot;TestNG.Multi2.driver&amp;quot; is null">
      <![CDATA[java.lang.NullPointerException: Cannot invoke "org.openqa.selenium.WebDriver.manage()" because "TestNG.Multi2.driver" is null
at TestNG.Multi2.order(Multi2.java:17)
at java.base/java.util.ArrayList.forEach(ArrayList.java:1511)
... Removed 27 stack frames]]>
    </failure>
  </testcase> <!-- order -->
  <testcase classname="TestNG.Multi2" name="orderDetails" time="0.0">
    <skipped/>
  </testcase> <!-- orderDetails -->
  <testcase classname="TestNG.Multi2" name="Logout" time="0.0">
    <skipped/>
  </testcase> <!-- Logout -->
</testsuite> <!-- MultiClasses -->
