<?xml version="1.0" encoding="UTF-8"?>
<!-- Generated by org.testng.reporters.JUnitXMLReporter -->
<testsuite ignored="0" hostname="Akhil" failures="0" tests="5" name="parameterization" time="12.305" errors="0" timestamp="2024-12-11T14:20:15 IST">
  <testcase classname="TestNG.ParameterizationMethod" name="login" time="9.789"/>
  <testcase classname="TestNG.ParameterizationMethod" name="sort" time="0.287"/>
  <testcase classname="TestNG.ParameterizationMethod" name="addToCart" time="0.47"/>
  <testcase classname="TestNG.ParameterizationMethod" name="order" time="1.269"/>
  <testcase classname="TestNG.ParameterizationMethod" name="Logout" time="0.439"/>
</testsuite> <!-- parameterization -->
