<?xml version="1.0" encoding="UTF-8"?>
<!-- Generated by org.testng.reporters.JUnitXMLReporter -->
<testsuite ignored="0" hostname="Akhil" failures="0" tests="5" name="Test" time="9.213" errors="0" timestamp="2024-12-12T10:52:34 IST">
  <testcase classname="TestNG.Saucedemo" name="login" time="7.704"/>
  <testcase classname="TestNG.Saucedemo" name="sort" time="0.183"/>
  <testcase classname="TestNG.Saucedemo" name="addToCart" time="0.192"/>
  <testcase classname="TestNG.Saucedemo" name="order" time="0.767"/>
  <testcase classname="TestNG.Saucedemo" name="Logout" time="0.315"/>
</testsuite> <!-- Test -->
