<?xml version="1.0" encoding="UTF-8"?>
<!-- Generated by org.testng.reporters.JUnitXMLReporter -->
<testsuite ignored="4" hostname="Akhil" failures="1" tests="2" name="Test" time="7.434" errors="0" timestamp="2024-12-11T13:22:00 IST">
  <testcase classname="TestNG.Saucedemo1" name="login" time="5.374"/>
  <testcase classname="TestNG.Saucedemo2" name="Logout" time="2.015">
    <failure type="java.lang.NullPointerException" message="Cannot invoke &amp;quot;org.openqa.selenium.WebDriver.manage()&amp;quot; because &amp;quot;TestNG.Saucedemo2.driver&amp;quot; is null">
      <![CDATA[java.lang.NullPointerException: Cannot invoke "org.openqa.selenium.WebDriver.manage()" because "TestNG.Saucedemo2.driver" is null
at TestNG.Saucedemo2.Logout(Saucedemo2.java:41)
at java.base/java.util.ArrayList.forEach(ArrayList.java:1511)
... Removed 27 stack frames]]>
    </failure>
  </testcase> <!-- Logout -->
  <testcase classname="TestNG.Saucedemo2" name="orderDetails" time="0.0">
    <ignored/>
  </testcase> <!-- orderDetails -->
  <testcase classname="TestNG.Saucedemo1" name="addToCart" time="0.0">
    <ignored/>
  </testcase> <!-- addToCart -->
  <testcase classname="TestNG.Saucedemo2" name="order" time="0.0">
    <ignored/>
  </testcase> <!-- order -->
  <testcase classname="TestNG.Saucedemo1" name="sort" time="0.0">
    <ignored/>
  </testcase> <!-- sort -->
</testsuite> <!-- Test -->
